<?xml version="1.0" encoding="UTF-8"?>
<testsuite name="me.whiteship.sample.SampleControllerTest" tests="1" skipped="0" failures="0" errors="0" timestamp="2020-01-24T07:00:42" hostname="gimminscBookPro" time="0.103">
  <properties/>
  <testcase name="hello" classname="me.whiteship.sample.SampleControllerTest" time="0.103"/>
  <system-out><![CDATA[16:00:39.471 [Test worker] DEBUG org.springframework.test.context.junit4.SpringJUnit4ClassRunner - SpringJUnit4ClassRunner constructor called with [class me.whiteship.sample.SampleControllerTest]
16:00:39.486 [Test worker] DEBUG org.springframework.test.context.BootstrapUtils - Instantiating CacheAwareContextLoaderDelegate from class [org.springframework.test.context.cache.DefaultCacheAwareContextLoaderDelegate]
16:00:39.499 [Test worker] DEBUG org.springframework.test.context.BootstrapUtils - Instantiating BootstrapContext using constructor [public org.springframework.test.context.support.DefaultBootstrapContext(java.lang.Class,org.springframework.test.context.CacheAwareContextLoaderDelegate)]
16:00:39.548 [Test worker] DEBUG org.springframework.test.context.BootstrapUtils - Instantiating TestContextBootstrapper for test class [me.whiteship.sample.SampleControllerTest] from class [org.springframework.boot.test.autoconfigure.web.servlet.WebMvcTestContextBootstrapper]
16:00:39.563 [Test worker] INFO org.springframework.boot.test.autoconfigure.web.servlet.WebMvcTestContextBootstrapper - Neither @ContextConfiguration nor @ContextHierarchy found for test class [me.whiteship.sample.SampleControllerTest], using SpringBootContextLoader
16:00:39.566 [Test worker] DEBUG org.springframework.test.context.support.AbstractContextLoader - Did not detect default resource location for test class [me.whiteship.sample.SampleControllerTest]: class path resource [me/whiteship/sample/SampleControllerTest-context.xml] does not exist
16:00:39.567 [Test worker] DEBUG org.springframework.test.context.support.AbstractContextLoader - Did not detect default resource location for test class [me.whiteship.sample.SampleControllerTest]: class path resource [me/whiteship/sample/SampleControllerTestContext.groovy] does not exist
16:00:39.567 [Test worker] INFO org.springframework.test.context.support.AbstractContextLoader - Could not detect default resource locations for test class [me.whiteship.sample.SampleControllerTest]: no resource found for suffixes {-context.xml, Context.groovy}.
16:00:39.568 [Test worker] INFO org.springframework.test.context.support.AnnotationConfigContextLoaderUtils - Could not detect default configuration classes for test class [me.whiteship.sample.SampleControllerTest]: SampleControllerTest does not declare any static, non-private, non-final, nested classes annotated with @Configuration.
16:00:39.647 [Test worker] DEBUG org.springframework.test.context.support.ActiveProfilesUtils - Could not find an 'annotation declaring class' for annotation type [org.springframework.test.context.ActiveProfiles] and class [me.whiteship.sample.SampleControllerTest]
16:00:39.728 [Test worker] DEBUG org.springframework.context.annotation.ClassPathScanningCandidateComponentProvider - Identified candidate component class: file [/Users/kimminseok/Documents/git-repository/Java-spring-boot/테스트/project/build/classes/java/main/me/whiteship/Application.class]
16:00:39.731 [Test worker] INFO org.springframework.boot.test.context.SpringBootTestContextBootstrapper - Found @SpringBootConfiguration me.whiteship.Application for test class me.whiteship.sample.SampleControllerTest
16:00:39.736 [Test worker] DEBUG org.springframework.boot.test.autoconfigure.web.servlet.WebMvcTestContextBootstrapper - @TestExecutionListeners is not present for class [me.whiteship.sample.SampleControllerTest]: using defaults.
16:00:39.738 [Test worker] INFO org.springframework.boot.test.autoconfigure.web.servlet.WebMvcTestContextBootstrapper - Loaded default TestExecutionListener class names from location [META-INF/spring.factories]: [org.springframework.boot.test.autoconfigure.restdocs.RestDocsTestExecutionListener, org.springframework.boot.test.autoconfigure.web.client.MockRestServiceServerResetTestExecutionListener, org.springframework.boot.test.autoconfigure.web.servlet.MockMvcPrintOnlyOnFailureTestExecutionListener, org.springframework.boot.test.autoconfigure.web.servlet.WebDriverTestExecutionListener, org.springframework.boot.test.mock.mockito.MockitoTestExecutionListener, org.springframework.boot.test.mock.mockito.ResetMocksTestExecutionListener, org.springframework.test.context.web.ServletTestExecutionListener, org.springframework.test.context.support.DirtiesContextBeforeModesTestExecutionListener, org.springframework.test.context.support.DependencyInjectionTestExecutionListener, org.springframework.test.context.support.DirtiesContextTestExecutionListener, org.springframework.test.context.transaction.TransactionalTestExecutionListener, org.springframework.test.context.jdbc.SqlScriptsTestExecutionListener, org.springframework.test.context.event.EventPublishingTestExecutionListener]
16:00:39.756 [Test worker] DEBUG org.springframework.boot.test.autoconfigure.web.servlet.WebMvcTestContextBootstrapper - Skipping candidate TestExecutionListener [org.springframework.test.context.transaction.TransactionalTestExecutionListener] due to a missing dependency. Specify custom listener classes or make the default listener classes and their required dependencies available. Offending class: [org/springframework/transaction/TransactionDefinition]
16:00:39.759 [Test worker] DEBUG org.springframework.boot.test.autoconfigure.web.servlet.WebMvcTestContextBootstrapper - Skipping candidate TestExecutionListener [org.springframework.test.context.jdbc.SqlScriptsTestExecutionListener] due to a missing dependency. Specify custom listener classes or make the default listener classes and their required dependencies available. Offending class: [org/springframework/transaction/interceptor/TransactionAttribute]
16:00:39.759 [Test worker] INFO org.springframework.boot.test.autoconfigure.web.servlet.WebMvcTestContextBootstrapper - Using TestExecutionListeners: [org.springframework.test.context.web.ServletTestExecutionListener@3f40be81, org.springframework.test.context.support.DirtiesContextBeforeModesTestExecutionListener@254826ab, org.springframework.boot.test.mock.mockito.MockitoTestExecutionListener@4496deb7, org.springframework.boot.test.autoconfigure.SpringBootDependencyInjectionTestExecutionListener@651d0cc9, org.springframework.test.context.support.DirtiesContextTestExecutionListener@5f13125d, org.springframework.test.context.event.EventPublishingTestExecutionListener@3b0a1a6a, org.springframework.boot.test.autoconfigure.restdocs.RestDocsTestExecutionListener@499b18da, org.springframework.boot.test.autoconfigure.web.client.MockRestServiceServerResetTestExecutionListener@44ed3e64, org.springframework.boot.test.autoconfigure.web.servlet.MockMvcPrintOnlyOnFailureTestExecutionListener@3ab5d5e, org.springframework.boot.test.autoconfigure.web.servlet.WebDriverTestExecutionListener@6819ce0b, org.springframework.boot.test.mock.mockito.ResetMocksTestExecutionListener@7955561a]
16:00:39.767 [Test worker] DEBUG org.springframework.test.annotation.ProfileValueUtils - Retrieved @ProfileValueSourceConfiguration [null] for test class [me.whiteship.sample.SampleControllerTest]
16:00:39.770 [Test worker] DEBUG org.springframework.test.annotation.ProfileValueUtils - Retrieved ProfileValueSource type [class org.springframework.test.annotation.SystemProfileValueSource] for class [me.whiteship.sample.SampleControllerTest]
16:00:39.776 [Test worker] DEBUG org.springframework.test.annotation.ProfileValueUtils - Retrieved @ProfileValueSourceConfiguration [null] for test class [me.whiteship.sample.SampleControllerTest]
16:00:39.777 [Test worker] DEBUG org.springframework.test.annotation.ProfileValueUtils - Retrieved ProfileValueSource type [class org.springframework.test.annotation.SystemProfileValueSource] for class [me.whiteship.sample.SampleControllerTest]
16:00:39.777 [Test worker] DEBUG org.springframework.test.annotation.ProfileValueUtils - Retrieved @ProfileValueSourceConfiguration [null] for test class [me.whiteship.sample.SampleControllerTest]
16:00:39.777 [Test worker] DEBUG org.springframework.test.annotation.ProfileValueUtils - Retrieved ProfileValueSource type [class org.springframework.test.annotation.SystemProfileValueSource] for class [me.whiteship.sample.SampleControllerTest]
16:00:39.782 [Test worker] DEBUG org.springframework.test.context.support.AbstractDirtiesContextTestExecutionListener - Before test class: context [DefaultTestContext@ba50fd7 testClass = SampleControllerTest, testInstance = [null], testMethod = [null], testException = [null], mergedContextConfiguration = [WebMergedContextConfiguration@226304f0 testClass = SampleControllerTest, locations = '{}', classes = '{class me.whiteship.Application}', contextInitializerClasses = '[]', activeProfiles = '{}', propertySourceLocations = '{}', propertySourceProperties = '{org.springframework.boot.test.autoconfigure.web.servlet.WebMvcTestContextBootstrapper=true}', contextCustomizers = set[org.springframework.boot.test.autoconfigure.OverrideAutoConfigurationContextCustomizerFactory$DisableAutoConfigurationContextCustomizer@cb709de, org.springframework.boot.test.autoconfigure.filter.TypeExcludeFiltersContextCustomizer@88d5d610, org.springframework.boot.test.autoconfigure.properties.PropertyMappingContextCustomizer@20e997a7, org.springframework.boot.test.autoconfigure.web.servlet.WebDriverContextCustomizerFactory$Customizer@1dca61a2, [ImportsContextCustomizer@24195df0 key = [org.springframework.boot.autoconfigure.cache.CacheAutoConfiguration, org.springframework.boot.autoconfigure.context.MessageSourceAutoConfiguration, org.springframework.boot.autoconfigure.data.web.SpringDataWebAutoConfiguration, org.springframework.boot.autoconfigure.freemarker.FreeMarkerAutoConfiguration, org.springframework.boot.autoconfigure.groovy.template.GroovyTemplateAutoConfiguration, org.springframework.boot.autoconfigure.gson.GsonAutoConfiguration, org.springframework.boot.autoconfigure.hateoas.HypermediaAutoConfiguration, org.springframework.boot.autoconfigure.http.HttpMessageConvertersAutoConfiguration, org.springframework.boot.autoconfigure.jackson.JacksonAutoConfiguration, org.springframework.boot.autoconfigure.jsonb.JsonbAutoConfiguration, org.springframework.boot.autoconfigure.mustache.MustacheAutoConfiguration, org.springframework.boot.autoconfigure.task.TaskExecutionAutoConfiguration, org.springframework.boot.autoconfigure.thymeleaf.ThymeleafAutoConfiguration, org.springframework.boot.autoconfigure.validation.ValidationAutoConfiguration, org.springframework.boot.autoconfigure.web.servlet.error.ErrorMvcAutoConfiguration, org.springframework.boot.autoconfigure.web.servlet.WebMvcAutoConfiguration, org.springframework.boot.test.autoconfigure.web.servlet.MockMvcAutoConfiguration, org.springframework.boot.test.autoconfigure.web.servlet.MockMvcWebClientAutoConfiguration, org.springframework.boot.test.autoconfigure.web.servlet.MockMvcWebDriverAutoConfiguration, org.springframework.boot.autoconfigure.security.servlet.SecurityAutoConfiguration, org.springframework.boot.autoconfigure.security.servlet.UserDetailsServiceAutoConfiguration, org.springframework.boot.test.autoconfigure.web.servlet.MockMvcSecurityConfiguration]], org.springframework.boot.test.context.filter.ExcludeFilterContextCustomizer@3a32b6ac, org.springframework.boot.test.json.DuplicateJsonObjectContextCustomizerFactory$DuplicateJsonObjectContextCustomizer@5f020f68, org.springframework.boot.test.mock.mockito.MockitoContextCustomizer@c5cdc2e1], resourceBasePath = 'src/main/webapp', contextLoader = 'org.springframework.boot.test.context.SpringBootContextLoader', parent = [null]], attributes = map[[empty]]], class annotated with @DirtiesContext [false] with mode [null].
16:00:39.786 [Test worker] DEBUG org.springframework.test.annotation.ProfileValueUtils - Retrieved @ProfileValueSourceConfiguration [null] for test class [me.whiteship.sample.SampleControllerTest]
16:00:39.787 [Test worker] DEBUG org.springframework.test.annotation.ProfileValueUtils - Retrieved ProfileValueSource type [class org.springframework.test.annotation.SystemProfileValueSource] for class [me.whiteship.sample.SampleControllerTest]
16:00:39.907 [Test worker] DEBUG org.springframework.test.context.support.TestPropertySourceUtils - Adding inlined properties to environment: {spring.jmx.enabled=false, org.springframework.boot.test.autoconfigure.web.servlet.WebMvcTestContextBootstrapper=true, server.port=-1}

  .   ____          _            __ _ _
 /\\ / ___'_ __ _ _(_)_ __  __ _ \ \ \ \
( ( )\___ | '_ | '_| | '_ \/ _` | \ \ \ \
 \\/  ___)| |_)| | | | | || (_| |  ) ) ) )
  '  |____| .__|_| |_|_| |_\__, | / / / /
 =========|_|==============|___/=/_/_/_/
 :: Spring Boot ::        (v2.2.3.RELEASE)

2020-01-24 16:00:40.174  INFO 1336 --- [    Test worker] m.whiteship.sample.SampleControllerTest  : Starting SampleControllerTest on gimminscBookPro with PID 1336 (started by kimminseok in /Users/kimminseok/Documents/git-repository/Java-spring-boot/테스트/project)
2020-01-24 16:00:40.176  INFO 1336 --- [    Test worker] m.whiteship.sample.SampleControllerTest  : No active profile set, falling back to default profiles: default
2020-01-24 16:00:42.434  INFO 1336 --- [    Test worker] o.s.s.concurrent.ThreadPoolTaskExecutor  : Initializing ExecutorService 'applicationTaskExecutor'
2020-01-24 16:00:42.635  INFO 1336 --- [    Test worker] o.s.b.t.m.w.SpringBootMockServletContext : Initializing Spring TestDispatcherServlet ''
2020-01-24 16:00:42.635  INFO 1336 --- [    Test worker] o.s.t.web.servlet.TestDispatcherServlet  : Initializing Servlet ''
2020-01-24 16:00:42.656  INFO 1336 --- [    Test worker] o.s.t.web.servlet.TestDispatcherServlet  : Completed initialization in 20 ms
2020-01-24 16:00:42.708  INFO 1336 --- [    Test worker] m.whiteship.sample.SampleControllerTest  : Started SampleControllerTest in 2.791 seconds (JVM running for 3.92)
]]></system-out>
  <system-err><![CDATA[]]></system-err>
</testsuite>
